Determining if the pthread_create exist failed with the following output:
Change Dir: /home/johnson/SLAM/ch6/build/CMakeFiles/CMakeTmp

Run Build Command:"/usr/bin/make" "cmTC_33c46/fast"
/usr/bin/make -f CMakeFiles/cmTC_33c46.dir/build.make CMakeFiles/cmTC_33c46.dir/build
make[1]: Entering directory '/home/johnson/SLAM/ch6/build/CMakeFiles/CMakeTmp'
Building C object CMakeFiles/cmTC_33c46.dir/CheckSymbolExists.c.o
/usr/bin/cc     -o CMakeFiles/cmTC_33c46.dir/CheckSymbolExists.c.o   -c /home/johnson/SLAM/ch6/build/CMakeFiles/CMakeTmp/CheckSymbolExists.c
Linking C executable cmTC_33c46
/usr/bin/cmake -E cmake_link_script CMakeFiles/cmTC_33c46.dir/link.txt --verbose=1
/usr/bin/cc       CMakeFiles/cmTC_33c46.dir/CheckSymbolExists.c.o  -o cmTC_33c46 
CMakeFiles/cmTC_33c46.dir/CheckSymbolExists.c.o: In function `main':
CheckSymbolExists.c:(.text+0x16): undefined reference to `pthread_create'
collect2: error: ld returned 1 exit status
CMakeFiles/cmTC_33c46.dir/build.make:97: recipe for target 'cmTC_33c46' failed
make[1]: *** [cmTC_33c46] Error 1
make[1]: Leaving directory '/home/johnson/SLAM/ch6/build/CMakeFiles/CMakeTmp'
Makefile:126: recipe for target 'cmTC_33c46/fast' failed
make: *** [cmTC_33c46/fast] Error 2

File /home/johnson/SLAM/ch6/build/CMakeFiles/CMakeTmp/CheckSymbolExists.c:
/* */
#include <pthread.h>

int main(int argc, char** argv)
{
  (void)argv;
#ifndef pthread_create
  return ((int*)(&pthread_create))[argc];
#else
  (void)argc;
  return 0;
#endif
}

Determining if the function pthread_create exists in the pthreads failed with the following output:
Change Dir: /home/johnson/SLAM/ch6/build/CMakeFiles/CMakeTmp

Run Build Command:"/usr/bin/make" "cmTC_a38bc/fast"
/usr/bin/make -f CMakeFiles/cmTC_a38bc.dir/build.make CMakeFiles/cmTC_a38bc.dir/build
make[1]: Entering directory '/home/johnson/SLAM/ch6/build/CMakeFiles/CMakeTmp'
Building C object CMakeFiles/cmTC_a38bc.dir/CheckFunctionExists.c.o
/usr/bin/cc    -DCHECK_FUNCTION_EXISTS=pthread_create   -o CMakeFiles/cmTC_a38bc.dir/CheckFunctionExists.c.o   -c /usr/share/cmake-3.5/Modules/CheckFunctionExists.c
Linking C executable cmTC_a38bc
/usr/bin/cmake -E cmake_link_script CMakeFiles/cmTC_a38bc.dir/link.txt --verbose=1
/usr/bin/cc   -DCHECK_FUNCTION_EXISTS=pthread_create    CMakeFiles/cmTC_a38bc.dir/CheckFunctionExists.c.o  -o cmTC_a38bc -lpthreads 
/usr/bin/ld: cannot find -lpthreads
collect2: error: ld returned 1 exit status
CMakeFiles/cmTC_a38bc.dir/build.make:97: recipe for target 'cmTC_a38bc' failed
make[1]: *** [cmTC_a38bc] Error 1
make[1]: Leaving directory '/home/johnson/SLAM/ch6/build/CMakeFiles/CMakeTmp'
Makefile:126: recipe for target 'cmTC_a38bc/fast' failed
make: *** [cmTC_a38bc/fast] Error 2


