Determining if the pthread_create exist failed with the following output:
Change Dir: /home/johnson/SLAM/ch9/build/CMakeFiles/CMakeTmp

Run Build Command:"/usr/bin/make" "cmTC_74027/fast"
make[1]: Entering directory '/home/johnson/SLAM/ch9/build/CMakeFiles/CMakeTmp'
/usr/bin/make -f CMakeFiles/cmTC_74027.dir/build.make CMakeFiles/cmTC_74027.dir/build
make[2]: Entering directory '/home/johnson/SLAM/ch9/build/CMakeFiles/CMakeTmp'
Building C object CMakeFiles/cmTC_74027.dir/CheckSymbolExists.c.o
/usr/bin/cc     -o CMakeFiles/cmTC_74027.dir/CheckSymbolExists.c.o   -c /home/johnson/SLAM/ch9/build/CMakeFiles/CMakeTmp/CheckSymbolExists.c
Linking C executable cmTC_74027
/usr/bin/cmake -E cmake_link_script CMakeFiles/cmTC_74027.dir/link.txt --verbose=1
/usr/bin/cc       CMakeFiles/cmTC_74027.dir/CheckSymbolExists.c.o  -o cmTC_74027 
CMakeFiles/cmTC_74027.dir/CheckSymbolExists.c.o: In function `main':
CheckSymbolExists.c:(.text+0x16): undefined reference to `pthread_create'
collect2: error: ld returned 1 exit status
CMakeFiles/cmTC_74027.dir/build.make:97: recipe for target 'cmTC_74027' failed
make[2]: *** [cmTC_74027] Error 1
make[2]: Leaving directory '/home/johnson/SLAM/ch9/build/CMakeFiles/CMakeTmp'
Makefile:126: recipe for target 'cmTC_74027/fast' failed
make[1]: *** [cmTC_74027/fast] Error 2
make[1]: Leaving directory '/home/johnson/SLAM/ch9/build/CMakeFiles/CMakeTmp'

File /home/johnson/SLAM/ch9/build/CMakeFiles/CMakeTmp/CheckSymbolExists.c:
/* */
#include <pthread.h>

int main(int argc, char** argv)
{
  (void)argv;
#ifndef pthread_create
  return ((int*)(&pthread_create))[argc];
#else
  (void)argc;
  return 0;
#endif
}

Determining if the function pthread_create exists in the pthreads failed with the following output:
Change Dir: /home/johnson/SLAM/ch9/build/CMakeFiles/CMakeTmp

Run Build Command:"/usr/bin/make" "cmTC_0fbae/fast"
make[1]: Entering directory '/home/johnson/SLAM/ch9/build/CMakeFiles/CMakeTmp'
/usr/bin/make -f CMakeFiles/cmTC_0fbae.dir/build.make CMakeFiles/cmTC_0fbae.dir/build
make[2]: Entering directory '/home/johnson/SLAM/ch9/build/CMakeFiles/CMakeTmp'
Building C object CMakeFiles/cmTC_0fbae.dir/CheckFunctionExists.c.o
/usr/bin/cc    -DCHECK_FUNCTION_EXISTS=pthread_create   -o CMakeFiles/cmTC_0fbae.dir/CheckFunctionExists.c.o   -c /usr/share/cmake-3.5/Modules/CheckFunctionExists.c
Linking C executable cmTC_0fbae
/usr/bin/cmake -E cmake_link_script CMakeFiles/cmTC_0fbae.dir/link.txt --verbose=1
/usr/bin/cc   -DCHECK_FUNCTION_EXISTS=pthread_create    CMakeFiles/cmTC_0fbae.dir/CheckFunctionExists.c.o  -o cmTC_0fbae -lpthreads 
/usr/bin/ld: cannot find -lpthreads
collect2: error: ld returned 1 exit status
CMakeFiles/cmTC_0fbae.dir/build.make:97: recipe for target 'cmTC_0fbae' failed
make[2]: *** [cmTC_0fbae] Error 1
make[2]: Leaving directory '/home/johnson/SLAM/ch9/build/CMakeFiles/CMakeTmp'
Makefile:126: recipe for target 'cmTC_0fbae/fast' failed
make[1]: *** [cmTC_0fbae/fast] Error 2
make[1]: Leaving directory '/home/johnson/SLAM/ch9/build/CMakeFiles/CMakeTmp'


